<?xml version="1.0" encoding="UTF-8"?>
<!-- Generated by org.testng.reporters.JUnitReportReporter -->
<testsuite hostname="DESKTOP-7HNCNR4" failures="0" tests="4" name="com.Orangehrm.login.Login_ifelseif" time="20.630" errors="0" timestamp="11 Sep 2021 05:50:09 GMT" skipped="0">
  <testcase classname="com.Orangehrm.login.Login_ifelseif" name="Login" time="14.520"/>
  <testcase classname="com.Orangehrm.login.Login_ifelseif" name="myinfo" time="1.798"/>
  <testcase classname="com.Orangehrm.login.Login_ifelseif" name="dropdown" time="4.057"/>
  <testcase classname="com.Orangehrm.login.Login_ifelseif" name="marital" time="0.255"/>
</testsuite> <!-- com.Orangehrm.login.Login_ifelseif -->
