<?xml version="1.0" encoding="UTF-8"?>
<!-- Generated by org.testng.reporters.JUnitReportReporter -->
<testsuite hostname="DESKTOP-7HNCNR4" failures="0" tests="4" name="com.Orangehrm.login.Login_Test" time="88.701" errors="0" timestamp="02 Sep 2021 02:14:19 GMT" skipped="0">
  <testcase classname="com.Orangehrm.login.Login_Test" name="logout" time="15.675"/>
  <testcase classname="com.Orangehrm.login.Login_Test" name="ClickonMyInfo" time="7.756"/>
  <testcase classname="com.Orangehrm.login.Login_Test" name="Myinfoform" time="58.014"/>
  <testcase classname="com.Orangehrm.login.Login_Test" name="Logout" time="7.256"/>
</testsuite> <!-- com.Orangehrm.login.Login_Test -->
